<?xml version="1.0" encoding="UTF-8"?>
<testng-results skipped="0" failed="0" ignored="0" total="2" passed="2">
  <reporter-output>
  </reporter-output>
  <suite name="Default suite" duration-ms="135492" started-at="2020-04-18T16:52:28 IST" finished-at="2020-04-18T16:54:44 IST">
    <groups>
    </groups>
    <test name="Default test" duration-ms="135492" started-at="2020-04-18T16:52:28 IST" finished-at="2020-04-18T16:54:44 IST">
      <class name="com.qa.test.LoginPageTest">
        <test-method status="PASS" signature="setup()[pri:0, instance:com.qa.test.LoginPageTest@2a742aa2]" name="setup" is-config="true" duration-ms="92639" started-at="2020-04-18T16:52:29 IST" finished-at="2020-04-18T16:54:01 IST">
          <reporter-output>
          </reporter-output>
        </test-method> <!-- setup -->
        <test-method status="PASS" signature="check_Title_Test()[pri:0, instance:com.qa.test.LoginPageTest@2a742aa2]" name="check_Title_Test" duration-ms="434" started-at="2020-04-18T16:54:01 IST" finished-at="2020-04-18T16:54:02 IST">
          <reporter-output>
          </reporter-output>
        </test-method> <!-- check_Title_Test -->
        <test-method status="PASS" signature="teardown()[pri:0, instance:com.qa.test.LoginPageTest@2a742aa2]" name="teardown" is-config="true" duration-ms="2014" started-at="2020-04-18T16:54:02 IST" finished-at="2020-04-18T16:54:04 IST">
          <reporter-output>
          </reporter-output>
        </test-method> <!-- teardown -->
        <test-method status="PASS" signature="setup()[pri:0, instance:com.qa.test.LoginPageTest@2a742aa2]" name="setup" is-config="true" duration-ms="37371" started-at="2020-04-18T16:54:04 IST" finished-at="2020-04-18T16:54:41 IST">
          <reporter-output>
          </reporter-output>
        </test-method> <!-- setup -->
        <test-method status="PASS" signature="check_image_Test()[pri:0, instance:com.qa.test.LoginPageTest@2a742aa2]" name="check_image_Test" duration-ms="1183" started-at="2020-04-18T16:54:41 IST" finished-at="2020-04-18T16:54:42 IST">
          <reporter-output>
          </reporter-output>
        </test-method> <!-- check_image_Test -->
        <test-method status="PASS" signature="teardown()[pri:0, instance:com.qa.test.LoginPageTest@2a742aa2]" name="teardown" is-config="true" duration-ms="1592" started-at="2020-04-18T16:54:42 IST" finished-at="2020-04-18T16:54:44 IST">
          <reporter-output>
          </reporter-output>
        </test-method> <!-- teardown -->
      </class> <!-- com.qa.test.LoginPageTest -->
    </test> <!-- Default test -->
  </suite> <!-- Default suite -->
</testng-results>
